<?xml version="1.0" encoding="UTF-8"?>
<robot generator="Robot 6.0.1 (Python 3.11.0 on win32)" generated="20221123 14:42:03.035" rpa="false" schemaversion="3">
<suite id="s1" name="Tests" source="C:\Users\matia\Documents\GitHub\ohtu_mini_projekti\src\tests">
<suite id="s1-s1" name="Home" source="C:\Users\matia\Documents\GitHub\ohtu_mini_projekti\src\tests\home.robot">
<kw name="Open And Configure Browser" library="resource" type="SETUP">
<kw name="Open Browser" library="SeleniumLibrary">
<arg>browser=${BROWSER}</arg>
<doc>Opens a new browser instance to the optional ``url``.</doc>
<msg timestamp="20221123 14:42:03.396" level="INFO">Opening browser 'headlesschrome' to base url 'None'.</msg>
<status status="PASS" starttime="20221123 14:42:03.396" endtime="20221123 14:42:07.108"/>
</kw>
<kw name="Maximize Browser Window" library="SeleniumLibrary">
<doc>Maximizes current browser window.</doc>
<status status="PASS" starttime="20221123 14:42:07.108" endtime="20221123 14:42:07.233"/>
</kw>
<kw name="Set Selenium Speed" library="SeleniumLibrary">
<arg>${DELAY}</arg>
<doc>Sets the delay that is waited after each Selenium command.</doc>
<status status="PASS" starttime="20221123 14:42:07.233" endtime="20221123 14:42:07.233"/>
</kw>
<status status="PASS" starttime="20221123 14:42:03.395" endtime="20221123 14:42:07.233"/>
</kw>
<test id="s1-s1-t1" name="Main Page Should Be Open" line="9">
<kw name="Go To Main Page" type="SETUP">
<kw name="Go To" library="SeleniumLibrary">
<arg>${HOME URL}</arg>
<doc>Navigates the current browser window to the provided ``url``.</doc>
<msg timestamp="20221123 14:42:07.237" level="INFO">Opening url 'http://localhost:5000'</msg>
<msg timestamp="20221123 14:42:09.730" level="INFO" html="true">&lt;/td&gt;&lt;/tr&gt;&lt;tr&gt;&lt;td colspan="3"&gt;&lt;a href="selenium-screenshot-3.png"&gt;&lt;img src="selenium-screenshot-3.png" width="800px"&gt;&lt;/a&gt;</msg>
<msg timestamp="20221123 14:42:09.730" level="FAIL">WebDriverException: Message: unknown error: net::ERR_CONNECTION_REFUSED
  (Session info: headless chrome=107.0.5304.107)
Stacktrace:
Backtrace:
	Ordinal0 [0x0102ACD3+2075859]
	Ordinal0 [0x00FBEE61+1633889]
	Ordinal0 [0x00EBB7BD+571325]
	Ordinal0 [0x00EB7CD2+556242]
	Ordinal0 [0x00EAEC5D+519261]
	Ordinal0 [0x00EAFAEC+522988]
	Ordinal0 [0x00EAEF27+519975]
	Ordinal0 [0x00EAE2EB+516843]
	Ordinal0 [0x00EAE231+516657]
	Ordinal0 [0x00EAD0A3+512163]
	Ordinal0 [0x00EAD5AD+513453]
	Ordinal0 [0x00EBD0CE+577742]
	Ordinal0 [0x00F1BC7D+965757]
	Ordinal0 [0x00F0731C+881436]
	Ordinal0 [0x00F1B56A+963946]
	Ordinal0 [0x00F07136+880950]
	Ordinal0 [0x00EDFEFD+720637]
	Ordinal0 [0x00EE0F3F+724799]
	GetHandleVerifier [0x012DEED2+2769538]
	GetHandleVerifier [0x012D0D95+2711877]
	GetHandleVerifier [0x010BA03A+521194]
	GetHandleVerifier [0x010B8DA0+516432]
	Ordinal0 [0x00FC682C+1665068]
	Ordinal0 [0x00FCB128+1683752]
	Ordinal0 [0x00FCB215+1683989]
	Ordinal0 [0x00FD6484+1729668]
	BaseThreadInitThunk [0x7630FA29+25]
	RtlGetAppContainerNamedObjectPath [0x77CC7BBE+286]
	RtlGetAppContainerNamedObjectPath [0x77CC7B8E+238]
</msg>
<status status="FAIL" starttime="20221123 14:42:07.233" endtime="20221123 14:42:09.733"/>
</kw>
<status status="FAIL" starttime="20221123 14:42:07.233" endtime="20221123 14:42:09.734"/>
</kw>
<status status="FAIL" starttime="20221123 14:42:07.233" endtime="20221123 14:42:09.734">Setup failed:
WebDriverException: Message: unknown error: net::ERR_CONNECTION_REFUSED
  (Session info: headless chrome=107.0.5304.107)
Stacktrace:
Backtrace:
	Ordinal0 [0x0102ACD3+2075859]
	Ordinal0 [0x00FBEE61+1633889]
	Ordinal0 [0x00EBB7BD+571325]
	Ordinal0 [0x00EB7CD2+556242]
	Ordinal0 [0x00EAEC5D+519261]
	Ordinal0 [0x00EAFAEC+522988]
	Ordinal0 [0x00EAEF27+519975]
	Ordinal0 [0x00EAE2EB+516843]
	Ordinal0 [0x00EAE231+516657]
	Ordinal0 [0x00EAD0A3+512163]
	Ordinal0 [0x00EAD5AD+513453]
	Ordinal0 [0x00EBD0CE+577742]
	Ordinal0 [0x00F1BC7D+965757]
	Ordinal0 [0x00F0731C+881436]
	Ordinal0 [0x00F1B56A+963946]
	Ordinal0 [0x00F07136+880950]
	Ordinal0 [0x00EDFEFD+720637]
	Ordinal0 [0x00EE0F3F+724799]
	GetHandleVerifier [0x012DEED2+2769538]
	GetHandleVerifier [0x012D0D95+2711877]
	GetHandleVerifier [0x010BA03A+521194]
	GetHandleVerifier [0x010B8DA0+516432]
	Ordinal0 [0x00FC682C+1665068]
	Ordinal0 [0x00FCB128+1683752]
	Ordinal0 [0x00FCB215+1683989]
	Ordinal0 [0x00FD6484+1729668]
	BaseThreadInitThunk [0x7630FA29+25]
	RtlGetAppContainerNamedObjectPath [0x77CC7BBE+286]
	RtlGetAppContainerNamedObjectPath [0x77CC7B8E+238]
</status>
</test>
<kw name="Close Browser" library="SeleniumLibrary" type="TEARDOWN">
<doc>Closes the current browser.</doc>
<status status="PASS" starttime="20221123 14:42:09.740" endtime="20221123 14:42:11.865"/>
</kw>
<status status="FAIL" starttime="20221123 14:42:03.066" endtime="20221123 14:42:11.865"/>
</suite>
<status status="FAIL" starttime="20221123 14:42:03.035" endtime="20221123 14:42:11.868"/>
</suite>
<statistics>
<total>
<stat pass="0" fail="1" skip="0">All Tests</stat>
</total>
<tag>
</tag>
<suite>
<stat pass="0" fail="1" skip="0" id="s1" name="Tests">Tests</stat>
<stat pass="0" fail="1" skip="0" id="s1-s1" name="Home">Tests.Home</stat>
</suite>
</statistics>
<errors>
</errors>
</robot>
